<?xml version="1.0" encoding="UTF-8"?>
<!-- Generated by org.testng.reporters.JUnitXMLReporter -->
<testsuite ignored="0" hostname="Jamil" failures="1" tests="3" name="Default test" time="41.977" errors="0" timestamp="24 Apr 2023 16:33:42 GMT">
  <testcase classname="com.qa.tests.LoginPageTest" name="loginPageNavigationTest" time="0.573"/>
  <testcase classname="com.qa.tests.LoginPageTest" name="forgotPwdLinkExistTest" time="0.019"/>
  <testcase classname="com.qa.tests.LoginPageTest" name="appLoginTest" time="30.483">
    <failure type="com.microsoft.playwright.TimeoutError" message="Error {
  message=&amp;apos;Timeout 30000ms exceeded.
=========================== logs ===========================
waiting for selector &amp;quot;//a[@class=&amp;apos;list-group-item&amp;apos;][normalize-space()=&amp;apos;Logout&amp;apos;]&amp;quot; to be visible
============================================================
  name=&amp;apos;TimeoutError
  stack=&amp;apos;TimeoutError: Timeout 30000ms exceeded.
=========================== logs ===========================
waiting for selector &amp;quot;//a[@class=&amp;apos;list-group-item&amp;apos;][normalize-space()=&amp;apos;Logout&amp;apos;]&amp;quot; to be visible
============================================================
    at ProgressController.run (C:\Users\JAMILR~1\AppData\Local\Temp\playwright-java-12019677931968596671\package\lib\server\progress.js:96:26)
    at Frame.waitForSelector (C:\Users\JAMILR~1\AppData\Local\Temp\playwright-java-12019677931968596671\package\lib\server\frames.js:843:23)
    at FrameDispatcher.waitForSelector (C:\Users\JAMILR~1\AppData\Local\Temp\playwright-java-12019677931968596671\package\lib\server\dispatchers\frameDispatcher.js:111:110)
    at DispatcherConnection.dispatch (C:\Users\JAMILR~1\AppData\Local\Temp\playwright-java-12019677931968596671\package\lib\server\dispatchers\dispatcher.js:397:46)
}">
      <![CDATA[com.microsoft.playwright.TimeoutError: Error {
  message='Timeout 30000ms exceeded.
=========================== logs ===========================
waiting for selector "//a[@class='list-group-item'][normalize-space()='Logout']" to be visible
============================================================
  name='TimeoutError
  stack='TimeoutError: Timeout 30000ms exceeded.
=========================== logs ===========================
waiting for selector "//a[@class='list-group-item'][normalize-space()='Logout']" to be visible
============================================================
    at ProgressController.run (C:\Users\JAMILR~1\AppData\Local\Temp\playwright-java-12019677931968596671\package\lib\server\progress.js:96:26)
    at Frame.waitForSelector (C:\Users\JAMILR~1\AppData\Local\Temp\playwright-java-12019677931968596671\package\lib\server\frames.js:843:23)
    at FrameDispatcher.waitForSelector (C:\Users\JAMILR~1\AppData\Local\Temp\playwright-java-12019677931968596671\package\lib\server\dispatchers\frameDispatcher.js:111:110)
    at DispatcherConnection.dispatch (C:\Users\JAMILR~1\AppData\Local\Temp\playwright-java-12019677931968596671\package\lib\server\dispatchers\dispatcher.js:397:46)
}
at com.microsoft.playwright.impl.WaitableResult.get(WaitableResult.java:52)
at com.microsoft.playwright.impl.ChannelOwner.runUntil(ChannelOwner.java:109)
at com.microsoft.playwright.impl.Connection.sendMessage(Connection.java:108)
at com.microsoft.playwright.impl.ChannelOwner.sendMessage(ChannelOwner.java:100)
at com.microsoft.playwright.impl.FrameImpl.waitForSelectorImpl(FrameImpl.java:982)
at com.microsoft.playwright.impl.LocatorImpl.lambda$waitForImpl$6(LocatorImpl.java:500)
at com.microsoft.playwright.impl.LoggingSupport.withLogging(LoggingSupport.java:47)
at com.microsoft.playwright.impl.ChannelOwner.withLogging(ChannelOwner.java:85)
at com.microsoft.playwright.impl.LocatorImpl.waitForImpl(LocatorImpl.java:500)
at com.microsoft.playwright.impl.LocatorImpl.waitFor(LocatorImpl.java:496)
at com.microsoft.playwright.Locator.waitFor(Locator.java:3075)
at com.qa.pages.LoginPage.doLogin(LoginPage.java:35)
at com.qa.tests.LoginPageTest.appLoginTest(LoginPageTest.java:26)
at java.base/jdk.internal.reflect.NativeMethodAccessorImpl.invoke0(Native Method)
at java.base/jdk.internal.reflect.NativeMethodAccessorImpl.invoke(NativeMethodAccessorImpl.java:77)
at java.base/jdk.internal.reflect.DelegatingMethodAccessorImpl.invoke(DelegatingMethodAccessorImpl.java:43)
at java.base/java.lang.reflect.Method.invoke(Method.java:568)
at org.testng.internal.MethodInvocationHelper.invokeMethod(MethodInvocationHelper.java:124)
at org.testng.internal.Invoker.invokeMethod(Invoker.java:583)
at org.testng.internal.Invoker.invokeTestMethod(Invoker.java:719)
at org.testng.internal.Invoker.invokeTestMethods(Invoker.java:989)
at org.testng.internal.TestMethodWorker.invokeTestMethods(TestMethodWorker.java:125)
at org.testng.internal.TestMethodWorker.run(TestMethodWorker.java:109)
at org.testng.TestRunner.privateRun(TestRunner.java:648)
at org.testng.TestRunner.run(TestRunner.java:505)
at org.testng.SuiteRunner.runTest(SuiteRunner.java:455)
at org.testng.SuiteRunner.runSequentially(SuiteRunner.java:450)
at org.testng.SuiteRunner.privateRun(SuiteRunner.java:415)
at org.testng.SuiteRunner.run(SuiteRunner.java:364)
at org.testng.SuiteRunnerWorker.runSuite(SuiteRunnerWorker.java:52)
at org.testng.SuiteRunnerWorker.run(SuiteRunnerWorker.java:84)
at org.testng.TestNG.runSuitesSequentially(TestNG.java:1208)
at org.testng.TestNG.runSuitesLocally(TestNG.java:1137)
at org.testng.TestNG.runSuites(TestNG.java:1049)
at org.testng.TestNG.run(TestNG.java:1017)
at org.testng.remote.AbstractRemoteTestNG.run(AbstractRemoteTestNG.java:115)
at org.testng.remote.RemoteTestNG.initAndRun(RemoteTestNG.java:251)
at org.testng.remote.RemoteTestNG.main(RemoteTestNG.java:77)
Caused by: com.microsoft.playwright.TimeoutError: Error {
  message='Timeout 30000ms exceeded.
=========================== logs ===========================
waiting for selector "//a[@class='list-group-item'][normalize-space()='Logout']" to be visible
============================================================
  name='TimeoutError
  stack='TimeoutError: Timeout 30000ms exceeded.
=========================== logs ===========================
waiting for selector "//a[@class='list-group-item'][normalize-space()='Logout']" to be visible
============================================================
    at ProgressController.run (C:\Users\JAMILR~1\AppData\Local\Temp\playwright-java-12019677931968596671\package\lib\server\progress.js:96:26)
    at Frame.waitForSelector (C:\Users\JAMILR~1\AppData\Local\Temp\playwright-java-12019677931968596671\package\lib\server\frames.js:843:23)
    at FrameDispatcher.waitForSelector (C:\Users\JAMILR~1\AppData\Local\Temp\playwright-java-12019677931968596671\package\lib\server\dispatchers\frameDispatcher.js:111:110)
    at DispatcherConnection.dispatch (C:\Users\JAMILR~1\AppData\Local\Temp\playwright-java-12019677931968596671\package\lib\server\dispatchers\dispatcher.js:397:46)
}
at com.microsoft.playwright.impl.Connection.dispatch(Connection.java:188)
at com.microsoft.playwright.impl.Connection.processOneMessage(Connection.java:170)
at com.microsoft.playwright.impl.ChannelOwner.runUntil(ChannelOwner.java:107)
... 36 more
]]>
    </failure>
  </testcase> <!-- appLoginTest -->
</testsuite> <!-- Default test -->
