<?xml version="1.0" encoding="UTF-8"?>
<!-- Generated by org.testng.reporters.JUnitXMLReporter -->
<testsuite ignored="0" hostname="Jamil" failures="0" tests="5" name="Open Cart Home Page Test" time="14.88" errors="0" timestamp="25 Apr 2023 23:39:41 GMT">
  <testcase classname="com.qa.tests.HomePageTest" name="homePageTitleTest" time="0.031"/>
  <testcase classname="com.qa.tests.HomePageTest" name="homePageURLTest" time="0.003"/>
  <testcase classname="com.qa.tests.HomePageTest" name="searchTest" time="0.551"/>
  <testcase classname="com.qa.tests.HomePageTest" name="searchTest" time="0.535"/>
  <testcase classname="com.qa.tests.HomePageTest" name="searchTest" time="0.532"/>
</testsuite> <!-- Open Cart Home Page Test -->
